2024-12-18 17:32:38 - bailiff_app - INFO - Démarrage de l'initialisation de l'application...
2024-12-18 17:32:38 - bailiff_app - DEBUG - Répertoire archives existe déjà: C:\Users\duke\CascadeProjects\baillif_app_v2\archives
2024-12-18 17:32:38 - bailiff_app - DEBUG - Répertoire templates existe déjà: C:\Users\duke\CascadeProjects\baillif_app_v2\templates
2024-12-18 17:32:38 - bailiff_app - DEBUG - Répertoire logs existe déjà: C:\Users\duke\CascadeProjects\baillif_app_v2\logs
2024-12-18 17:32:38 - bailiff_app - INFO - Tous les répertoires requis sont prêts
2024-12-18 17:32:38 - bailiff_app - INFO - Base de données initialisée avec succès
2024-12-18 17:32:38 - bailiff_app - INFO - Initialisation de l'application terminée avec succès
2024-12-18 17:33:19 - bailiff_app - INFO - Démarrage de l'initialisation de l'application...
2024-12-18 17:33:19 - bailiff_app - DEBUG - Répertoire archives existe déjà: C:\Users\duke\CascadeProjects\baillif_app_v2\archives
2024-12-18 17:33:19 - bailiff_app - DEBUG - Répertoire templates existe déjà: C:\Users\duke\CascadeProjects\baillif_app_v2\templates
2024-12-18 17:33:19 - bailiff_app - DEBUG - Répertoire logs existe déjà: C:\Users\duke\CascadeProjects\baillif_app_v2\logs
2024-12-18 17:33:19 - bailiff_app - INFO - Tous les répertoires requis sont prêts
2024-12-18 17:33:19 - bailiff_app - INFO - Base de données initialisée avec succès
2024-12-18 17:33:19 - bailiff_app - INFO - Initialisation de l'application terminée avec succès
2024-12-18 18:13:12 - bailiff_app - INFO - Démarrage de l'initialisation de l'application...
2024-12-18 18:13:12 - bailiff_app - DEBUG - Répertoire archives existe déjà: C:\Users\duke\CascadeProjects\baillif_app_v2\archives
2024-12-18 18:13:12 - bailiff_app - DEBUG - Répertoire templates existe déjà: C:\Users\duke\CascadeProjects\baillif_app_v2\templates
2024-12-18 18:13:12 - bailiff_app - DEBUG - Répertoire logs existe déjà: C:\Users\duke\CascadeProjects\baillif_app_v2\logs
2024-12-18 18:13:12 - bailiff_app - INFO - Tous les répertoires requis sont prêts
2024-12-18 18:13:12 - bailiff_app - INFO - Base de données initialisée avec succès
2024-12-18 18:13:12 - bailiff_app - INFO - Initialisation de l'application terminée avec succès
2024-12-18 18:16:00 - bailiff_app - INFO - Démarrage de l'initialisation de l'application...
2024-12-18 18:16:00 - bailiff_app - DEBUG - Répertoire archives existe déjà: C:\Users\duke\CascadeProjects\baillif_app_v2\archives
2024-12-18 18:16:00 - bailiff_app - DEBUG - Répertoire templates existe déjà: C:\Users\duke\CascadeProjects\baillif_app_v2\templates
2024-12-18 18:16:00 - bailiff_app - DEBUG - Répertoire logs existe déjà: C:\Users\duke\CascadeProjects\baillif_app_v2\logs
2024-12-18 18:16:00 - bailiff_app - INFO - Tous les répertoires requis sont prêts
2024-12-18 18:16:00 - bailiff_app - INFO - Base de données initialisée avec succès
2024-12-18 18:16:00 - bailiff_app - INFO - Initialisation de l'application terminée avec succès
